make --dry-run --always-make --keep-going --print-directory
make: Entering directory '/home/xiaoy/share'
make -C /home/xiaoy/linux-5.17.1  M=/home/xiaoy/share modules
make[1]: Entering directory '/home/xiaoy/linux-5.17.1'
 
if [ "gcc (Ubuntu 9.4.0-1ubuntu1~20.04) 9.4.0" != "aarch64-linux-gnu-gcc (Ubuntu 9.4.0-1ubuntu1~20.04.1) 9.4.0" ]; then \
	echo >&2 "warning: the compiler differs from the one used to build the kernel"; \
	echo >&2 "  The kernel was built by: aarch64-linux-gnu-gcc (Ubuntu 9.4.0-1ubuntu1~20.04.1) 9.4.0"; \
	echo >&2 "  You are using:           gcc (Ubuntu 9.4.0-1ubuntu1~20.04) 9.4.0"; \
fi
make -f ./scripts/Makefile.build obj=/home/xiaoy/share \
single-build= \
need-builtin=1 need-modorder=1
 
set -e;  echo '  CC [M]  /home/xiaoy/share/hello.o';  gcc -Wp,-MMD,/home/xiaoy/share/.hello.o.d  -nostdinc -I./arch/x86/include -I./arch/x86/include/generated  -I./include -I./arch/x86/include/uapi -I./arch/x86/include/generated/uapi -I./include/uapi -I./include/generated/uapi -include ./include/linux/compiler-version.h -include ./include/linux/kconfig.h -include ./include/linux/compiler_types.h -D__KERNEL__ -fmacro-prefix-map=./= -Wall -Wundef -Werror=strict-prototypes -Wno-trigraphs -fno-strict-aliasing -fno-common -fshort-wchar -fno-PIE -Werror=implicit-function-declaration -Werror=implicit-int -Werror=return-type -Wno-format-security -std=gnu89 -mno-sse -mno-mmx -mno-sse2 -mno-3dnow -mno-avx -fcf-protection=none -m64 -falign-jumps=1 -falign-loops=1 -mno-80387 -mno-fp-ret-in-387 -mpreferred-stack-boundary=3 -mskip-rax-setup -mno-red-zone -mcmodel=kernel -Wno-sign-compare -fno-asynchronous-unwind-tables -fno-delete-null-pointer-checks -Wno-frame-address -Wno-format-truncation -Wno-format-overflow -Wno-address-of-packed-member -O2 --param=allow-store-data-races=0 -Wframe-larger-than=2048 -fstack-protector-strong -Wimplicit-fallthrough=5 -Wno-main -Wno-unused-but-set-variable -Wno-unused-const-variable -fno-omit-frame-pointer -fno-optimize-sibling-calls -fno-stack-clash-protection -Wdeclaration-after-statement -Wvla -Wno-pointer-sign -Wcast-function-type -Wno-stringop-truncation -Wno-array-bounds -Wno-stringop-overflow -Wno-restrict -Wno-maybe-uninitialized -Wno-alloc-size-larger-than -fno-strict-overflow -fno-stack-check -fconserve-stack -Werror=date-time -Werror=incompatible-pointer-types -Werror=designated-init -Wno-packed-not-aligned -g -fno-var-tracking -femit-struct-debug-baseonly  -DMODULE  -DKBUILD_BASENAME='"hello"' -DKBUILD_MODNAME='"hello"' -D__KBUILD_MODNAME=kmod_hello -c -o /home/xiaoy/share/hello.o /home/xiaoy/share/hello.c ; scripts/basic/fixdep /home/xiaoy/share/.hello.o.d /home/xiaoy/share/hello.o 'gcc -Wp,-MMD,/home/xiaoy/share/.hello.o.d  -nostdinc -I./arch/x86/include -I./arch/x86/include/generated  -I./include -I./arch/x86/include/uapi -I./arch/x86/include/generated/uapi -I./include/uapi -I./include/generated/uapi -include ./include/linux/compiler-version.h -include ./include/linux/kconfig.h -include ./include/linux/compiler_types.h -D__KERNEL__ -fmacro-prefix-map=./= -Wall -Wundef -Werror=strict-prototypes -Wno-trigraphs -fno-strict-aliasing -fno-common -fshort-wchar -fno-PIE -Werror=implicit-function-declaration -Werror=implicit-int -Werror=return-type -Wno-format-security -std=gnu89 -mno-sse -mno-mmx -mno-sse2 -mno-3dnow -mno-avx -fcf-protection=none -m64 -falign-jumps=1 -falign-loops=1 -mno-80387 -mno-fp-ret-in-387 -mpreferred-stack-boundary=3 -mskip-rax-setup -mno-red-zone -mcmodel=kernel -Wno-sign-compare -fno-asynchronous-unwind-tables -fno-delete-null-pointer-checks -Wno-frame-address -Wno-format-truncation -Wno-format-overflow -Wno-address-of-packed-member -O2 --param=allow-store-data-races=0 -Wframe-larger-than=2048 -fstack-protector-strong -Wimplicit-fallthrough=5 -Wno-main -Wno-unused-but-set-variable -Wno-unused-const-variable -fno-omit-frame-pointer -fno-optimize-sibling-calls -fno-stack-clash-protection -Wdeclaration-after-statement -Wvla -Wno-pointer-sign -Wcast-function-type -Wno-stringop-truncation -Wno-array-bounds -Wno-stringop-overflow -Wno-restrict -Wno-maybe-uninitialized -Wno-alloc-size-larger-than -fno-strict-overflow -fno-stack-check -fconserve-stack -Werror=date-time -Werror=incompatible-pointer-types -Werror=designated-init -Wno-packed-not-aligned -g -fno-var-tracking -femit-struct-debug-baseonly  -DMODULE  -DKBUILD_BASENAME='\''"hello"'\'' -DKBUILD_MODNAME='\''"hello"'\'' -D__KBUILD_MODNAME=kmod_hello -c -o /home/xiaoy/share/hello.o /home/xiaoy/share/hello.c ' > /home/xiaoy/share/.hello.o.cmd; rm -f /home/xiaoy/share/.hello.o.d
set -e;   
set -e;   
set -e;   
set -e;   
set -e;   
set -e;   
set -e;   
 
set -e;   { echo  /home/xiaoy/share/hello.o;  echo; } > /home/xiaoy/share/hello.mod; printf '%s\n' 'cmd_/home/xiaoy/share/hello.mod := { echo  /home/xiaoy/share/hello.o;  echo; } > /home/xiaoy/share/hello.mod' > /home/xiaoy/share/.hello.mod.cmd
set -e;   {   echo /home/xiaoy/share/hello.ko; :; } | awk '!x[$0]++' - > /home/xiaoy/share/modules.order; printf '%s\n' 'cmd_/home/xiaoy/share/modules.order := {   echo /home/xiaoy/share/hello.ko; :; } | awk '\''!x[$$0]++'\'' - > /home/xiaoy/share/modules.order' > /home/xiaoy/share/.modules.order.cmd
:
:
sh ./scripts/modules-check.sh /home/xiaoy/share/modules.order
make -f ./scripts/Makefile.modpost
 
echo >&2 'WARNING: Symbol version dump "Module.symvers" is missing.'
echo >&2 '         Modules may not have dependencies or modversions.'
echo >&2 '         You may get many unresolved symbol warnings.'
set -e;  echo '  MODPOST /home/xiaoy/share/Module.symvers';  sed 's/\.ko$/\.o/' /home/xiaoy/share/modules.order | scripts/mod/modpost    -o /home/xiaoy/share/Module.symvers -e -i Module.symvers   -T -; printf '%s\n' 'cmd_/home/xiaoy/share/Module.symvers := sed '\''s/\.ko$$/\.o/'\'' /home/xiaoy/share/modules.order | scripts/mod/modpost    -o /home/xiaoy/share/Module.symvers -e -i Module.symvers   -T -' > /home/xiaoy/share/.Module.symvers.cmd
make -f ./scripts/Makefile.modfinal
 
set -e;  echo '  CC [M]  /home/xiaoy/share/hello.mod.o';  gcc -Wp,-MMD,/home/xiaoy/share/.hello.mod.o.d -nostdinc -I./arch/x86/include -I./arch/x86/include/generated -I./include -I./arch/x86/include/uapi -I./arch/x86/include/generated/uapi -I./include/uapi -I./include/generated/uapi -include ./include/linux/compiler-version.h -include ./include/linux/kconfig.h -include ./include/linux/compiler_types.h -D__KERNEL__ -fmacro-prefix-map=./= -Wall -Wundef -Werror=strict-prototypes -Wno-trigraphs -fno-strict-aliasing -fno-common -fshort-wchar -fno-PIE -Werror=implicit-function-declaration -Werror=implicit-int -Werror=return-type -Wno-format-security -std=gnu89 -mno-sse -mno-mmx -mno-sse2 -mno-3dnow -mno-avx -fcf-protection=none -m64 -falign-jumps=1 -falign-loops=1 -mno-80387 -mno-fp-ret-in-387 -mpreferred-stack-boundary=3 -mskip-rax-setup -mno-red-zone -mcmodel=kernel -Wno-sign-compare -fno-asynchronous-unwind-tables -fno-delete-null-pointer-checks -Wno-frame-address -Wno-format-truncation -Wno-format-overflow -Wno-address-of-packed-member -O2 --param=allow-store-data-races=0 -Wframe-larger-than=2048 -fstack-protector-strong -Wimplicit-fallthrough=5 -Wno-main -Wno-unused-but-set-variable -Wno-unused-const-variable -fno-omit-frame-pointer -fno-optimize-sibling-calls -fno-stack-clash-protection -Wdeclaration-after-statement -Wvla -Wno-pointer-sign -Wcast-function-type -Wno-stringop-truncation -Wno-array-bounds -Wno-stringop-overflow -Wno-restrict -Wno-maybe-uninitialized -Wno-alloc-size-larger-than -fno-strict-overflow -fno-stack-check -fconserve-stack -Werror=date-time -Werror=incompatible-pointer-types -Werror=designated-init -Wno-packed-not-aligned -g -fno-var-tracking -femit-struct-debug-baseonly -DMODULE -DKBUILD_BASENAME='"hello.mod"' -DKBUILD_MODNAME='"hello"' -D__KBUILD_MODNAME=kmod_hello -c -o /home/xiaoy/share/hello.mod.o /home/xiaoy/share/hello.mod.c; scripts/basic/fixdep /home/xiaoy/share/.hello.mod.o.d /home/xiaoy/share/hello.mod.o 'gcc -Wp,-MMD,/home/xiaoy/share/.hello.mod.o.d -nostdinc -I./arch/x86/include -I./arch/x86/include/generated -I./include -I./arch/x86/include/uapi -I./arch/x86/include/generated/uapi -I./include/uapi -I./include/generated/uapi -include ./include/linux/compiler-version.h -include ./include/linux/kconfig.h -include ./include/linux/compiler_types.h -D__KERNEL__ -fmacro-prefix-map=./= -Wall -Wundef -Werror=strict-prototypes -Wno-trigraphs -fno-strict-aliasing -fno-common -fshort-wchar -fno-PIE -Werror=implicit-function-declaration -Werror=implicit-int -Werror=return-type -Wno-format-security -std=gnu89 -mno-sse -mno-mmx -mno-sse2 -mno-3dnow -mno-avx -fcf-protection=none -m64 -falign-jumps=1 -falign-loops=1 -mno-80387 -mno-fp-ret-in-387 -mpreferred-stack-boundary=3 -mskip-rax-setup -mno-red-zone -mcmodel=kernel -Wno-sign-compare -fno-asynchronous-unwind-tables -fno-delete-null-pointer-checks -Wno-frame-address -Wno-format-truncation -Wno-format-overflow -Wno-address-of-packed-member -O2 --param=allow-store-data-races=0 -Wframe-larger-than=2048 -fstack-protector-strong -Wimplicit-fallthrough=5 -Wno-main -Wno-unused-but-set-variable -Wno-unused-const-variable -fno-omit-frame-pointer -fno-optimize-sibling-calls -fno-stack-clash-protection -Wdeclaration-after-statement -Wvla -Wno-pointer-sign -Wcast-function-type -Wno-stringop-truncation -Wno-array-bounds -Wno-stringop-overflow -Wno-restrict -Wno-maybe-uninitialized -Wno-alloc-size-larger-than -fno-strict-overflow -fno-stack-check -fconserve-stack -Werror=date-time -Werror=incompatible-pointer-types -Werror=designated-init -Wno-packed-not-aligned -g -fno-var-tracking -femit-struct-debug-baseonly -DMODULE -DKBUILD_BASENAME='\''"hello.mod"'\'' -DKBUILD_MODNAME='\''"hello"'\'' -D__KBUILD_MODNAME=kmod_hello -c -o /home/xiaoy/share/hello.mod.o /home/xiaoy/share/hello.mod.c' > /home/xiaoy/share/.hello.mod.o.cmd; rm -f /home/xiaoy/share/.hello.mod.o.d
 
set -e;  echo '  LD [M]  /home/xiaoy/share/hello.ko';  ld -r  -m elf_x86_64  --build-id=sha1  -T scripts/module.lds -o /home/xiaoy/share/hello.ko /home/xiaoy/share/hello.o /home/xiaoy/share/hello.mod.o;  true; printf '%s\n' 'cmd_/home/xiaoy/share/hello.ko := ld -r  -m elf_x86_64  --build-id=sha1  -T scripts/module.lds -o /home/xiaoy/share/hello.ko /home/xiaoy/share/hello.o /home/xiaoy/share/hello.mod.o;  true' > /home/xiaoy/share/.hello.ko.cmd
 
  LD [M]  /home/xiaoy/share/hello.ko
 
ld: /home/xiaoy/share/hello.o: Relocations in generic ELF (EM: 183)
ld: /home/xiaoy/share/hello.o: Relocations in generic ELF (EM: 183)
ld: /home/xiaoy/share/hello.o: Relocations in generic ELF (EM: 183)
ld: /home/xiaoy/share/hello.o: Relocations in generic ELF (EM: 183)

ld: /home/xiaoy/share/hello.o: Relocations in generic ELF (EM: 183)
ld: /home/xiaoy/share/hello.o: Relocations in generic ELF (EM: 183)
ld: /home/xiaoy/share/hello.o: error adding symbols: file in wrong format

make[3]: *** [scripts/Makefile.modfinal:60: /home/xiaoy/share/hello.ko] Error 1

make[2]: *** [scripts/Makefile.modpost:140: __modpost] Error 2

make[1]: *** [Makefile:1746: modules] Error 2
make: *** [Makefile:8: default] Error 2

make[1]: Leaving directory '/home/xiaoy/linux-5.17.1'
make: Leaving directory '/home/xiaoy/share'
 
